\BOOKMARK [0][-]{chapter.1}{Struttura e funzione dei cromosomi}{}% 1
\BOOKMARK [1][-]{section.1.1}{Organizzazione dei cromosomi}{chapter.1}% 2
\BOOKMARK [2][-]{subsection.1.1.1}{Ploidia}{section.1.1}% 3
\BOOKMARK [2][-]{subsection.1.1.2}{Ulteriore DNA presente nelle cellule}{section.1.1}% 4
\BOOKMARK [1][-]{section.1.2}{Impacchettamento del DNA cromosomale}{chapter.1}% 5
\BOOKMARK [2][-]{subsection.1.2.1}{Il nucleoide}{section.1.2}% 6
\BOOKMARK [2][-]{subsection.1.2.2}{DNA eucariotico}{section.1.2}% 7
\BOOKMARK [2][-]{subsection.1.2.3}{Il ciclo cellulare e la dinamicit\340 dei cromosomi}{section.1.2}% 8
\BOOKMARK [1][-]{section.1.3}{Impacchettamento del DNA cromosomale degli eucarioti}{chapter.1}% 9
\BOOKMARK [2][-]{subsection.1.3.1}{Istoni}{section.1.3}% 10
\BOOKMARK [2][-]{subsection.1.3.2}{Livelli di compattazione}{section.1.3}% 11
\BOOKMARK [1][-]{section.1.4}{Modifiche covalenti degli istoni}{chapter.1}% 12
\BOOKMARK [2][-]{subsection.1.4.1}{Epigenetica}{section.1.4}% 13
\BOOKMARK [2][-]{subsection.1.4.2}{Acetilazione}{section.1.4}% 14
\BOOKMARK [2][-]{subsection.1.4.3}{Metilazione}{section.1.4}% 15
\BOOKMARK [2][-]{subsection.1.4.4}{Fosforilazione}{section.1.4}% 16
\BOOKMARK [2][-]{subsection.1.4.5}{Ubiquitinazione e sumoilazione}{section.1.4}% 17
\BOOKMARK [2][-]{subsection.1.4.6}{Codice istonico}{section.1.4}% 18
\BOOKMARK [1][-]{section.1.5}{Complessi rimodellatori dei nucleosomi}{chapter.1}% 19
\BOOKMARK [1][-]{section.1.6}{Variazione nella struttura cromatinica}{chapter.1}% 20
\BOOKMARK [1][-]{section.1.7}{Metilazione del DNA}{chapter.1}% 21
\BOOKMARK [1][-]{section.1.8}{La separazione dei domini cromatinici da elementi barriera}{chapter.1}% 22
\BOOKMARK [1][-]{section.1.9}{Elementi richiesti per la funzione dei cromosomi}{chapter.1}% 23
\BOOKMARK [1][-]{section.1.10}{Centromeri}{chapter.1}% 24
\BOOKMARK [1][-]{section.1.11}{Telomeri}{chapter.1}% 25
\BOOKMARK [0][-]{chapter.2}{Replicazione}{}% 26
\BOOKMARK [0][-]{chapter.3}{Trascrizione}{}% 27
\BOOKMARK [0][-]{chapter.4}{Processamento dell'RNA}{}% 28
\BOOKMARK [0][-]{chapter.5}{RNA regolatori}{}% 29
\BOOKMARK [0][-]{chapter.6}{Traduzione}{}% 30
\BOOKMARK [0][-]{chapter.7}{Modifica e targeting delle proteine}{}% 31
\BOOKMARK [0][-]{chapter.8}{DNA mobile}{}% 32
\BOOKMARK [0][-]{chapter.9}{Strumenti e tecniche della biologia molecolare}{}% 33
